<?xml version="1.0" encoding="UTF-8"?>
<testsuite xmlns:xsi="http://www.w3.org/2001/XMLSchema-instance" xsi:noNamespaceSchemaLocation="https://maven.apache.org/surefire/maven-surefire-plugin/xsd/surefire-test-report.xsd" name="com.lithone.AppTest" time="0.012" tests="1" errors="0" skipped="0" failures="0">
  <properties>
    <property name="sun.desktop" value="windows"/>
    <property name="awt.toolkit" value="sun.awt.windows.WToolkit"/>
    <property name="file.encoding.pkg" value="sun.io"/>
    <property name="java.specification.version" value="1.8"/>
    <property name="sun.cpu.isalist" value="amd64"/>
    <property name="sun.jnu.encoding" value="Cp1252"/>
    <property name="java.class.path" value="C:\Users\wkado\Desktop\parent1\child2\target\test-classes;C:\Users\wkado\Desktop\parent1\child2\target\classes;C:\Users\wkado\.m2\repository\junit\junit\4.11\junit-4.11.jar;C:\Users\wkado\.m2\repository\org\hamcrest\hamcrest-core\1.3\hamcrest-core-1.3.jar;"/>
    <property name="java.vm.vendor" value="Oracle Corporation"/>
    <property name="sun.arch.data.model" value="64"/>
    <property name="user.variant" value=""/>
    <property name="java.vendor.url" value="http://java.oracle.com/"/>
    <property name="user.timezone" value="America/New_York"/>
    <property name="java.vm.specification.version" value="1.8"/>
    <property name="os.name" value="Windows 10"/>
    <property name="user.country" value="CA"/>
    <property name="sun.java.launcher" value="SUN_STANDARD"/>
    <property name="sun.boot.library.path" value="C:\Program Files\OpenJDK\openjdk-8u312-b07\jre\bin"/>
    <property name="sun.java.command" value="C:\Users\wkado\AppData\Local\Temp\surefire873805771754308815\surefirebooter1683061758988999260.jar C:\Users\wkado\AppData\Local\Temp\surefire873805771754308815 2021-11-21T11-28-56_926-jvmRun1 surefire8119572821366931560tmp surefire_0837482575984770702tmp"/>
    <property name="surefire.test.class.path" value="C:\Users\wkado\Desktop\parent1\child2\target\test-classes;C:\Users\wkado\Desktop\parent1\child2\target\classes;C:\Users\wkado\.m2\repository\junit\junit\4.11\junit-4.11.jar;C:\Users\wkado\.m2\repository\org\hamcrest\hamcrest-core\1.3\hamcrest-core-1.3.jar;"/>
    <property name="sun.cpu.endian" value="little"/>
    <property name="user.home" value="C:\Users\wkado"/>
    <property name="user.language" value="en"/>
    <property name="java.specification.vendor" value="Oracle Corporation"/>
    <property name="java.home" value="C:\Program Files\OpenJDK\openjdk-8u312-b07\jre"/>
    <property name="basedir" value="C:\Users\wkado\Desktop\parent1\child2"/>
    <property name="file.separator" value="\"/>
    <property name="line.separator" value="&#10;"/>
    <property name="java.vm.specification.vendor" value="Oracle Corporation"/>
    <property name="java.specification.name" value="Java Platform API Specification"/>
    <property name="java.awt.graphicsenv" value="sun.awt.Win32GraphicsEnvironment"/>
    <property name="surefire.real.class.path" value="C:\Users\wkado\AppData\Local\Temp\surefire873805771754308815\surefirebooter1683061758988999260.jar"/>
    <property name="sun.boot.class.path" value="C:\Program Files\OpenJDK\openjdk-8u312-b07\jre\lib\resources.jar;C:\Program Files\OpenJDK\openjdk-8u312-b07\jre\lib\rt.jar;C:\Program Files\OpenJDK\openjdk-8u312-b07\jre\lib\sunrsasign.jar;C:\Program Files\OpenJDK\openjdk-8u312-b07\jre\lib\jsse.jar;C:\Program Files\OpenJDK\openjdk-8u312-b07\jre\lib\jce.jar;C:\Program Files\OpenJDK\openjdk-8u312-b07\jre\lib\charsets.jar;C:\Program Files\OpenJDK\openjdk-8u312-b07\jre\lib\jfr.jar;C:\Program Files\OpenJDK\openjdk-8u312-b07\jre\classes"/>
    <property name="user.script" value=""/>
    <property name="sun.management.compiler" value="HotSpot 64-Bit Tiered Compilers"/>
    <property name="java.runtime.version" value="1.8.0_312-b07"/>
    <property name="user.name" value="wkado"/>
    <property name="path.separator" value=";"/>
    <property name="os.version" value="10.0"/>
    <property name="java.endorsed.dirs" value="C:\Program Files\OpenJDK\openjdk-8u312-b07\jre\lib\endorsed"/>
    <property name="java.runtime.name" value="OpenJDK Runtime Environment"/>
    <property name="file.encoding" value="Cp1252"/>
    <property name="java.vm.name" value="OpenJDK 64-Bit Server VM"/>
    <property name="localRepository" value="C:\Users\wkado\.m2\repository"/>
    <property name="java.vendor.url.bug" value="http://bugreport.sun.com/bugreport/"/>
    <property name="java.io.tmpdir" value="C:\Users\wkado\AppData\Local\Temp\"/>
    <property name="java.version" value="1.8.0_312"/>
    <property name="user.dir" value="C:\Users\wkado\Desktop\parent1\child2"/>
    <property name="os.arch" value="amd64"/>
    <property name="java.vm.specification.name" value="Java Virtual Machine Specification"/>
    <property name="java.awt.printerjob" value="sun.awt.windows.WPrinterJob"/>
    <property name="sun.os.patch.level" value=""/>
    <property name="java.library.path" value="C:\Program Files\OpenJDK\openjdk-8u312-b07\jre\bin;C:\Windows\Sun\Java\bin;C:\Windows\system32;C:\Windows;C:\Program Files\Amazon Corretto\jdk17.0.1_12\bin;C:\Windows\system32;C:\Windows;C:\Windows\System32\Wbem;C:\Windows\System32\WindowsPowerShell\v1.0\;C:\Windows\System32\OpenSSH\;C:\Program Files\NVIDIA Corporation\NVIDIA NvDLISR;C:\Program Files (x86)\NVIDIA Corporation\PhysX\Common;C:\ProgramData\chocolatey\bin;C:\Program Files (x86)\Microsoft SQL Server\150\DTS\Binn\;C:\Program Files\Microsoft SQL Server\150\DTS\Binn\;C:\Program Files\Microsoft SQL Server\Client SDK\ODBC\170\Tools\Binn\;C:\Program Files (x86)\Microsoft SQL Server\150\Tools\Binn\;C:\Program Files\Microsoft SQL Server\150\Tools\Binn\;C:\Program Files\Azure Data Studio\bin;C:\Program Files\Git\cmd;C:\ProgramData\chocolatey\lib\maven\apache-maven-3.8.3\bin;C:\Program Files\OpenJDK\openjdk-8u312-b07\bin;C:\Program Files\dotnet\;C:\Program Files\Docker\Docker\resources\bin;C:\ProgramData\DockerDesktop\version-bin;C:\Program Files\nodejs\;C:\Users\wkado\AppData\Local\Microsoft\WindowsApps;;C:\Users\wkado\AppData\Local\Programs\Microsoft VS Code\bin;C:\Program Files\JetBrains\IntelliJ IDEA 2021.2.2\bin;;C:\Program Files\Azure Data Studio\bin;C:\Users\wkado\AppData\Roaming\npm;."/>
    <property name="java.vm.info" value="mixed mode"/>
    <property name="java.vendor" value="Oracle Corporation"/>
    <property name="java.vm.version" value="25.312-b07"/>
    <property name="java.ext.dirs" value="C:\Program Files\OpenJDK\openjdk-8u312-b07\jre\lib\ext;C:\Windows\Sun\Java\lib\ext"/>
    <property name="sun.io.unicode.encoding" value="UnicodeLittle"/>
    <property name="maven.repo.local" value="C:\Users\wkado\.m2\repository"/>
    <property name="java.class.version" value="52.0"/>
  </properties>
  <testcase name="shouldAnswerWithTrue" classname="com.lithone.AppTest" time="0.001"/>
</testsuite>